<?xml version="1.0" encoding="UTF-8"?>
<!-- Generated by org.testng.reporters.JUnitReportReporter -->
<testsuite hostname="MEHMETALIMEMIS" failures="0" tests="1" name="gittigidiyorTestinium.gittigidiyorTestCase" time="63.766" errors="0" timestamp="2021-03-14T15:02:08 TRT" skipped="0">
  <testcase classname="gittigidiyorTestinium.gittigidiyorTestCase" name="f" time="63.766"/>
  <system-out/>
</testsuite> <!-- gittigidiyorTestinium.gittigidiyorTestCase -->
